calculating 1 2 Adelphi Commons Bateman Physical Sciences Center
path [6700910735, 6700910737, 11399229791, 11399229790, 8751691841, 8751942157, 8019704853, 10290628421, 10290628422, 5414896298, 5415266955, 5415266952, 4716105521, 5414896316, 10291871473, 10291871472, 5264822935, 5264822937, 4716137955, 5264822945, 10274664538, 5264822954, 5264822996, 5682163129, 5682163130, 317321944, 5264800303, 5264800298, 5264800443, 5260253649, 10290583671, 10290583668, 10290583673, 10290583672, 10290583679, 11408401869, 11408366368, 5343247779, 5261052470, 5343247777, 5415707874, 5261052468, 5343247775, 5343247782] found in 0.03701353073120117
MultiGraph with 3365 nodes and 4281 edges
{0: {'osmid': 712701938, 'oneway': '0', 'highway': 'service', 'reversed': False, 'length': 17.324, 'from_': '6700910737', 'to_': '6700910735', 'maxspeed': '15 mph', 'width': '0', 'mrt': '29.485432328853058', 'cost': 619.1940789059142, 'from': 6700910735, 'to': 6700910737, 'geometry': <LINESTRING (-12459697.946 3950401.662, -12459697.879 3950422.44)>}}
MultiGraph with 3365 nodes and 4281 edges
{0: {'osmid': 712701938, 'oneway': '0', 'highway': 'service', 'reversed': False, 'length': 39.152, 'from_': '11399229791', 'to_': '6700910737', 'maxspeed': '15 mph', 'width': '0', 'mrt': '36.86591812599508', 'cost': 1732.6981519217688, 'from': 6700910737, 'to': 11399229791, 'geometry': <LINESTRING (-12459697.879 3950422.44, -12459698.023 3950469.398)>}}
MultiGraph with 3365 nodes and 4281 edges
{0: {'osmid': 1229184656, 'oneway': '0', 'highway': 'footway', 'reversed': True, 'length': 6.87, 'from_': '11399229791', 'to_': '11399229790', 'width': '0', 'mrt': '38.62746711998064', 'cost': 347.64720407982577, 'from': 11399229790, 'to': 11399229791, 'geometry': <LINESTRING (-12459706.261 3950469.211, -12459698.023 3950469.398)>}}
MultiGraph with 3365 nodes and 4281 edges
{0: {'osmid': 945328617, 'oneway': '0', 'highway': 'footway', 'reversed': True, 'length': 103.56700000000001, 'from_': '11399229790', 'to_': '8751691841', 'width': '0', 'mrt': '30.0408464321894', 'cost': 3725.064957591486, 'from': 8751691841, 'to': 11399229790, 'geometry': <LINESTRING (-12459830.082 3950466.637, -12459706.261 3950469.211)>}}
MultiGraph with 3365 nodes and 4281 edges
{0: {'osmid': 945328617, 'oneway': '0', 'highway': 'footway', 'reversed': False, 'length': 11.027999999999999, 'from_': '8751942157', 'to_': '8751691841', 'width': '0', 'mrt': '29.30217954661881', 'cost': 410.2305136526633, 'from': 8751691841, 'to': 8751942157, 'geometry': <LINESTRING (-12459830.082 3950466.637, -12459843.262 3950465.65)>}}
MultiGraph with 3365 nodes and 4281 edges
{0: {'osmid': 945328617, 'oneway': '0', 'highway': 'footway', 'reversed': True, 'length': 43.314, 'from_': '8751942157', 'to_': '8019704853', 'width': '0', 'mrt': '31.164721714550264', 'cost': 1620.5655291566138, 'from': 8019704853, 'to': 8751942157, 'geometry': <LINESTRING (-12459895.204 3950464.73, -12459843.262 3950465.65)>}}
MultiGraph with 3365 nodes and 4281 edges
{0: {'osmid': [512811691, 512811692], 'oneway': '0', 'name': 'Paseo del Saber', 'highway': 'cycleway', 'reversed': False, 'length': 8.03, 'from_': '10290628421', 'to_': '8019704853', 'width': '0', 'mrt': '35.82024681529141', 'cost': 358.2024681529141, 'from': 8019704853, 'to': 10290628421, 'geometry': <LINESTRING (-12459895.204 3950464.73, -12459895.426 3950474.359)>}}
MultiGraph with 3365 nodes and 4281 edges
{0: {'osmid': 512811692, 'oneway': '0', 'highway': 'cycleway', 'reversed': False, 'length': 14.879, 'from_': '10290628422', 'to_': '10290628421', 'width': '0', 'mrt': '29.76114646383817', 'cost': 535.7006363490871, 'from': 10290628421, 'to': 10290628422, 'geometry': <LINESTRING (-12459895.426 3950474.359, -12459895.649 3950492.203)>}}
MultiGraph with 3365 nodes and 4281 edges
{0: {'osmid': [512811692, 478386150], 'oneway': '0', 'name': 'Paseo del Saber', 'highway': 'cycleway', 'reversed': True, 'length': 10.353, 'from_': '10290628422', 'to_': '5414896298', 'width': '0', 'mrt': '29.249488431594237', 'cost': 380.2433496107251, 'from': 5414896298, 'to': 10290628422, 'geometry': <LINESTRING (-12459895.816 3950504.619, -12459895.649 3950492.203)>}}
MultiGraph with 3365 nodes and 4281 edges
{0: {'osmid': 478386150, 'oneway': '0', 'name': 'Paseo del Saber', 'highway': 'cycleway', 'reversed': False, 'length': 52.676, 'from_': '5415266955', 'to_': '5414896298', 'width': '0', 'mrt': '33.116424162058046', 'cost': 2119.451146371715, 'from': 5414896298, 'to': 5415266955, 'geometry': <LINESTRING (-12459895.816 3950504.619, -12459895.103 3950567.794)>}}
MultiGraph with 3365 nodes and 4281 edges
{0: {'osmid': 478386150, 'oneway': '0', 'name': 'Paseo del Saber', 'highway': 'cycleway', 'reversed': True, 'length': 18.67, 'from_': '5415266955', 'to_': '5415266952', 'width': '0', 'mrt': '32.11735772325293', 'cost': 738.6992276348174, 'from': 5415266952, 'to': 5415266955, 'geometry': <LINESTRING (-12459895.193 3950590.186, -12459895.103 3950567.794)>}}
MultiGraph with 3365 nodes and 4281 edges
{0: {'osmid': 478386150, 'oneway': '0', 'name': 'Paseo del Saber', 'highway': 'cycleway', 'reversed': True, 'length': 45.056, 'from_': '5415266952', 'to_': '4716105521', 'width': '0', 'mrt': '31.826411518990756', 'cost': 1750.4526335444916, 'from': 4716105521, 'to': 5415266952, 'geometry': <LINESTRING (-12459895.193 3950644.225, -12459895.193 3950590.186)>}}
MultiGraph with 3365 nodes and 4281 edges
{0: {'osmid': 1089349071, 'oneway': '0', 'name': 'Lemon Mall', 'highway': 'cycleway', 'reversed': False, 'length': 80.81400000000001, 'from_': '5414896316', 'to_': '4716105521', 'width': '0', 'mrt': '33.182968520491194', 'cost': 3218.7479464876455, 'from': 4716105521, 'to': 5414896316, 'geometry': <LINESTRING (-12459895.193 3950644.225, -12459992.063 3950642.825)>}}
MultiGraph with 3365 nodes and 4281 edges
{0: {'osmid': 1089349070, 'oneway': '0', 'name': 'Lemon Mall', 'highway': 'cycleway', 'reversed': False, 'length': 9.104, 'from_': '10291871473', 'to_': '5414896316', 'width': '0', 'mrt': '33.37561648956568', 'cost': 367.13178138522244, 'from': 5414896316, 'to': 10291871473, 'geometry': <LINESTRING (-12459992.063 3950642.825, -12460002.85 3950641.131)>}}
MultiGraph with 3365 nodes and 4281 edges
{0: {'osmid': 1089349070, 'oneway': '0', 'name': 'Lemon Mall', 'highway': 'cycleway', 'reversed': True, 'length': 10.854, 'from_': '10291871473', 'to_': '10291871472', 'width': '0', 'mrt': '28.974034208499713', 'cost': 405.636478918996, 'from': 10291871472, 'to': 10291871473, 'geometry': <LINESTRING (-12460015.763 3950639.477, -12460002.85 3950641.131)>}}
MultiGraph with 3365 nodes and 4281 edges
{0: {'osmid': 1089349070, 'oneway': '0', 'name': 'Lemon Mall', 'highway': 'cycleway', 'reversed': True, 'length': 6.304, 'from_': '10291871472', 'to_': '5264822935', 'width': '0', 'mrt': '31.38893617927311', 'cost': 251.11148943418488, 'from': 5264822935, 'to': 10291871472, 'geometry': <LINESTRING (-12460023.31 3950639.024, -12460015.763 3950639.477)>}}
MultiGraph with 3365 nodes and 4281 edges
{0: {'osmid': 1124322042, 'oneway': '0', 'highway': 'footway', 'reversed': False, 'length': 35.976, 'from_': '5264822937', 'to_': '5264822935', 'width': '0', 'mrt': '37.55924830933212', 'cost': 1615.047677301281, 'from': 5264822935, 'to': 5264822937, 'geometry': <LINESTRING (-12460023.31 3950639.024, -12459997.885 3950673.219)>}}
MultiGraph with 3365 nodes and 4281 edges
{0: {'osmid': [1124322041, 1123506786], 'oneway': '0', 'highway': 'footway', 'reversed': False, 'length': 58.571, 'from_': '5264822937', 'to_': '4716137955', 'width': '0', 'mrt': '32.14400610470033', 'cost': 2153.648409014922, 'from': 4716137955, 'to': 5264822937, 'geometry': <LINESTRING (-12460000.067 3950739.515, -12459997.885 3950673.219)>}}
MultiGraph with 3365 nodes and 4281 edges
{0: {'osmid': 1124322041, 'oneway': '0', 'highway': 'footway', 'reversed': True, 'length': 9.189, 'from_': '5264822945', 'to_': '4716137955', 'width': '0', 'mrt': '35.78783851179507', 'cost': 429.4540621415409, 'from': 4716137955, 'to': 5264822945, 'geometry': <LINESTRING (-12460000.067 3950739.515, -12459995.324 3950749.464)>}}
MultiGraph with 3365 nodes and 4281 edges
{0: {'osmid': 544661875, 'oneway': '0', 'highway': 'footway', 'reversed': True, 'length': 84.05400000000002, 'from_': '10274664538', 'to_': '5264822945', 'width': '0', 'mrt': '34.02596633088304', 'cost': 3436.622599419187, 'from': 5264822945, 'to': 10274664538, 'geometry': <LINESTRING (-12459995.324 3950749.464, -12460000.1 3950849.503)>}}
MultiGraph with 3365 nodes and 4281 edges
{0: {'osmid': 544661875, 'oneway': '0', 'highway': 'footway', 'reversed': False, 'length': 4.488, 'from_': '10274664538', 'to_': '5264822954', 'width': '0', 'mrt': '43.02704284239409', 'cost': 258.16225705436455, 'from': 5264822954, 'to': 10274664538, 'geometry': <LINESTRING (-12459999.287 3950854.825, -12460000.1 3950849.503)>}}
MultiGraph with 3365 nodes and 4281 edges
{1: {'osmid': 544661900, 'oneway': '1', 'highway': 'service', 'reversed': False, 'length': 81.514, 'from_': '5264822954', 'to_': '5264822996', 'maxspeed': '15 mph', 'service': 'parking_aisle', 'width': '0', 'mrt': '32.25078051919785', 'cost': 2644.564002574224, 'from': 5264822954, 'to': 5264822996, 'geometry': <LINESTRING (-12459999.287 3950854.825, -12459998.898 3950936.073)>}}
